{"name": "test_top_menu", "status": "failed", "statusDetails": {"message": "AssertionError: Top menu does not matching to expected\nassert ['Каталог', '...', 'Контакты'] == []\n  Left contains 4 more items, first extra item: 'Каталог'\n  Use -v to get more diff", "trace": "browser = <selenium.webdriver.chrome.webdriver.WebDriver (session=\"bf6b2cca1cdc66131bae10d6b9f027a3\")>\n\n    def test_top_menu(browser):\n        \"\"\"\n        Test case TC-2\n        \"\"\"\n        expected_menu = ['Каталог', 'Блог', 'О компании', 'Контакты']\n    \n        browser.get(URL)\n        elements = browser.find_elements(by=By.CSS_SELECTOR, value=\"[id='header-center-items header-items  has-menu has-logo'] li a\")\n        result = [el.get_attribute('text') for el in elements]\n    \n>       assert expected_menu == result, 'Top menu does not matching to expected'\nE       AssertionError: Top menu does not matching to expected\nE       assert ['Каталог', '...', 'Контакты'] == []\nE         Left contains 4 more items, first extra item: 'Каталог'\nE         Use -v to get more diff\n\ntests\\test_shop.py:24: AssertionError"}, "description": "\n    Test case TC-2\n    ", "start": 1681749148365, "stop": 1681749149619, "uuid": "cd7f822b-9e3e-4a41-bfc7-64a212671918", "historyId": "16cef1b9f84d7ccb341ea28ae94090d8", "testCaseId": "57f6cba455838e2e1b362c14d22c1839", "fullName": "tests.test_shop#test_top_menu", "labels": [{"name": "parentSuite", "value": "tests"}, {"name": "suite", "value": "test_shop"}, {"name": "host", "value": "DESKTOP-1H76NUL"}, {"name": "thread", "value": "2696-MainThread"}, {"name": "framework", "value": "pytest"}, {"name": "language", "value": "cpython3"}, {"name": "package", "value": "tests.test_shop"}]}