{"name": "test_product_view_sku", "status": "failed", "statusDetails": {"message": "AssertionError: Unexpected sku\nassert 'KJ7G8CDNE1' == 'C0MSSDSUMK'\n  - C0MSSDSUMK\n  + KJ7G8CDNE1", "trace": "def test_product_view_sku():\n        \"\"\"\n        Test case WERT-1\n        \"\"\"\n        chrome_options = Options()\n        chrome_options.add_argument(\"--no-sandbox\")\n        chrome_options.add_argument(\"start-maximized\") # open Browser in maximized mode\n        chrome_options.add_argument(\"--disable-infobars\") # disabling infobars\n        chrome_options.add_argument(\"--disable-extensions\") # disabling extensions\n        chrome_options.add_argument(\"--disable-gpu\") #  applicable to windows os only\n        chrome_options.add_argument(\"--disable-dev-shm-usage\") # overcome limited resource problems\n        # chrome_options.add_argument(\"--headless\")\n    \n        service = Service(ChromeDriverManager().install())\n        driver = webdriver.Chrome(service=service, options=chrome_options)\n        url = \"https://testqastudio.me/\"\n        driver.get(url=url)\n    \n        element = driver.find_element(by=By.CSS_SELECTOR, value=\"[class='tab-best_sellers ']\")\n        element.click()\n    \n        x_path_table = '/html/body/div[1]/div[2]/div/div/main/div[4]/ul/li[10]/div/div[2]/h2/a'\n        element = driver.find_element(By.XPATH, value=x_path_table)\n        element.click()\n    \n        sku = driver.find_element(By.CLASS_NAME, value=\"sku\")\n    \n>       assert sku.text == 'C0MSSDSUMK', \"Unexpected sku\"\nE       AssertionError: Unexpected sku\nE       assert 'KJ7G8CDNE1' == 'C0MSSDSUMK'\nE         - C0MSSDSUMK\nE         + KJ7G8CDNE1\n\ntests\\test_first.py:39: AssertionError"}, "description": "\n    Test case WERT-1\n    ", "start": 1681748122791, "stop": 1681748133849, "uuid": "4e1f4368-ca19-4d66-bdc2-3d00ba229c19", "historyId": "cabadc777e6b78da8be65a97ecc98071", "testCaseId": "b023c9c826d4997064cfe259ba86bc05", "fullName": "tests.test_first#test_product_view_sku", "labels": [{"name": "parentSuite", "value": "tests"}, {"name": "suite", "value": "test_first"}, {"name": "host", "value": "DESKTOP-1H76NUL"}, {"name": "thread", "value": "9288-MainThread"}, {"name": "framework", "value": "pytest"}, {"name": "language", "value": "cpython3"}, {"name": "package", "value": "tests.test_first"}]}